<?xml version="1.0" encoding="UTF-8"?>
<!-- Generated by org.testng.reporters.JUnitXMLReporter -->
<testsuite ignored="0" hostname="INLaptop140.local" failures="1" tests="1" name="Pixel 2" time="21.345" errors="0" timestamp="2020-06-08T00:41:23 IST">
  <testcase classname="com.qa.runners.RunnerBase" name="scenario" time="6.334">
    <failure type="org.junit.ComparisonFailure" message="expected:&amp;lt;PRO TI[P]&amp;gt; but was:&amp;lt;PRO TI[]&amp;gt;">
      <![CDATA[org.junit.ComparisonFailure: expected:<PRO TI[P]> but was:<PRO TI[]>
at org.junit.Assert.assertEquals(Assert.java:115)
at org.junit.Assert.assertEquals(Assert.java:144)
at com.qa.stepdef.ProTipPageStepDef.iShouldSeeProTipPageWithRotaotetext(ProTipPageStepDef.java:36)
at ✽.I should see Pro Tip page with rotaotetext "PRO TI"(file:///Users/sharadgupta/Documents/automation/AppiumCucumburFramework-testng/src/test/resources/ProTips.feature:9)
]]>
    </failure>
  </testcase> <!-- scenario -->
</testsuite> <!-- Pixel 2 -->
