<?xml version="1.0" encoding="UTF-8"?>
<testsuite xmlns:xsi="http://www.w3.org/2001/XMLSchema-instance" xsi:noNamespaceSchemaLocation="https://maven.apache.org/surefire/maven-surefire-plugin/xsd/surefire-test-report.xsd" name="TestSuite" time="21.717" tests="1" errors="0" skipped="0" failures="1">
  <properties>
[...]
</properties>
  <testcase name="scenario" classname="com.qa.runners.MyTestNGRunnerTest" time="6.342">
    <failure message="expected:&lt;PRO TI[P]&gt; but was:&lt;PRO TI[]&gt;" type="org.junit.ComparisonFailure"><![CDATA[org.junit.ComparisonFailure: expected:<PRO TI[P]> but was:<PRO TI[]>
]]></failure>
    <system-out><![CDATA[[TestNGContentHandler] [WARN] It is strongly recommended to add "<!DOCTYPE suite SYSTEM "https://testng.org/testng-1.0.dtd" >" at the top of your file, otherwise TestNG may fail or not work as expected.
[INFO ] 2020-06-08 00:41:02.638 com.qa.utils.ServerManager:21 - STARTING APPIUM SEVER
&amp#27;[35m[Appium]&amp#27;[39m Welcome to Appium v1.17.0
&amp#27;[35m[Appium]&amp#27;[39m Non-default server args:
&amp#27;[35m[Appium]&amp#27;[39m   port: 20084
&amp#27;[35m[Appium]&amp#27;[39m   sessionOverride: true
&amp#27;[35m[Appium]&amp#27;[39m   logFile: /Users/sharadgupta/Documents/automation/AppiumCucumburFramework-testng/Android_Pixel 2/Server.log
&amp#27;[35m[Appium]&amp#27;[39m Appium REST http interface listener started on 0.0.0.0:20084
&amp#27;[35m[HTTP]&amp#27;[39m &amp#27;[37m-->&amp#27;[39m &amp#27;[37mGET&amp#27;[39m &amp#27;[37m/wd/hub/status&amp#27;[39m
&amp#27;[35m[HTTP]&amp#27;[39m &amp#27;[90m{}&amp#27;[39m
[debug] &amp#27;[35m[GENERIC]&amp#27;[39m Calling AppiumDriver.getStatus() with args: []
[debug] &amp#27;[35m[GENERIC]&amp#27;[39m Responding to client with driver.getStatus() result: {"build":{"version":"1.17.0"}}
&amp#27;[35m[HTTP]&amp#27;[39m &amp#27;[37m<-- GET /wd/hub/status &amp#27;[39m&amp#27;[32m200&amp#27;[39m &amp#27;[90m7 ms - 68&amp#27;[39m
&amp#27;[35m[HTTP]&amp#27;[39m &amp#27;[90m&amp#27;[39m
&amp#27;[35m[HTTP]&amp#27;[39m &amp#27;[37m-->&amp#27;[39m &amp#27;[37mGET&amp#27;[39m &amp#27;[37m/wd/hub/status&amp#27;[39m
&amp#27;[35m[HTTP]&amp#27;[39m &amp#27;[90m{}&amp#27;[39m
[debug] &amp#27;[35m[GENERIC]&amp#27;[39m Calling AppiumDriver.getStatus() with args: []
[debug] &amp#27;[35m[GENERIC]&amp#27;[39m Responding to client with driver.getStatus() result: {"build":{"version":"1.17.0"}}
[INFO ] 2020-06-08 00:41:04.390 com.qa.utils.ServerManager:31 - APPIUM SEVER STARTED
[INFO ] 2020-06-08 00:41:04.408 com.qa.utils.DriverManager:26 - initializing Appium driver
[INFO ] 2020-06-08 00:41:04.425 com.qa.utils.PropertyManager:18 - Loading config properties
[INFO ] 2020-06-08 00:41:04.426 com.qa.utils.CapabilitiesManager:16 - getting capabilities
[INFO ] 2020-06-08 00:41:04.428 com.qa.utils.CapabilitiesManager:32 - appUrl is/Users/sharadgupta/Documents/automation/AppiumCucumburFramework-testng/src/test/resources/app/btv.apk
[INFO ] 2020-06-08 00:41:13.541 com.qa.utils.DriverManager:40 - driver is initialize

@test
Scenario Outline: Verify Pro Tip screen                                          # src/test/resources/ProTips.feature:13
  Given I'm on Pro tip screen                                                    # com.qa.stepdef.ProTipPageStepDef.iMOnProTipScreen()
[INFO ] 2020-06-08 00:41:15.754 com.qa.pages.ProTipsPage:28 - Pro Tip Button Clicked
  And I tap on the Pro Tips                                                      # com.qa.stepdef.ProTipPageStepDef.iTapOnTheProTips()
[INFO ] 2020-06-08 00:41:17.278 com.qa.pages.BasePage:97 - Pro Tip page title is - PRO TIP
[INFO ] 2020-06-08 00:41:17.316 com.qa.pages.ProTipsPage:23 - Pro Tip button is enabled----->true
  Then I should see Pro Tip page with title "PRO TIP"                            # com.qa.stepdef.ProTipPageStepDef.iShouldSeeProTipPageWithTitle(java.lang.String)
[INFO ] 2020-06-08 00:41:17.412 com.qa.pages.BasePage:97 - Pro Tip page Lighting text is - Lighting
  Then I should see Pro Tip page with litghting "Lighting"                       # com.qa.stepdef.ProTipPageStepDef.iShouldSeeProTipPageWithLitghting(java.lang.String)
[INFO ] 2020-06-08 00:41:17.475 com.qa.pages.BasePage:97 - Pro Tip page Professional textProfessional looking Office
[INFO ] 2020-06-08 00:41:17.476 com.qa.pages.ProTipsPage:34 - Pro Tip back button clicked
  Then I should see Pro Tip page with professional "Professional looking Office" # com.qa.stepdef.ProTipPageStepDef.iShouldSeeProTipPageWithProfessional(java.lang.String)
[INFO ] 2020-06-08 00:41:18.700 com.qa.pages.BasePage:97 - Rotate screen text -->>PRO TIP
  Then I should see Pro Tip page with rotaotetext "PRO TI"                       # com.qa.stepdef.ProTipPageStepDef.iShouldSeeProTipPageWithRotaotetext(java.lang.String)
      org.junit.ComparisonFailure: expected:<PRO TI[P]> but was:<PRO TI[]>
	at org.junit.Assert.assertEquals(Assert.java:115)
	at org.junit.Assert.assertEquals(Assert.java:144)
	at com.qa.stepdef.ProTipPageStepDef.iShouldSeeProTipPageWithRotaotetext(ProTipPageStepDef.java:36)
	at ✽.I should see Pro Tip page with rotaotetext "PRO TI"(file:///Users/sharadgupta/Documents/automation/AppiumCucumburFramework-testng/src/test/resources/ProTips.feature:9)


    Embedding Verify Pro Tip screen [image/png 358590 bytes]

[INFO ] 2020-06-08 00:41:20.072 com.qa.utils.VideoManager:35 - video path: Android_Pixel 2/Videos/Verify Pro Tip screen.mp4
]]></system-out>
    <system-err><![CDATA[SLF4J: Failed to load class "org.slf4j.impl.StaticLoggerBinder".
SLF4J: Defaulting to no-operation (NOP) logger implementation
SLF4J: See http://www.slf4j.org/codes.html#StaticLoggerBinder for further details.
Jun 08, 2020 12:41:13 AM io.appium.java_client.remote.AppiumCommandExecutor$1 lambda$0
INFO: Detected dialect: W3C
]]></system-err>
  </testcase>
</testsuite>