<?xml version="1.0" encoding="UTF-8"?>
<testng-results ignored="0" total="1" passed="1" failed="0" skipped="0">
  <reporter-output>
  </reporter-output>
  <suite started-at="2020-06-11T17:08:21 IST" name="Suite" finished-at="2020-06-11T17:09:40 IST" duration-ms="79000">
    <groups>
      <group name="cucumber">
        <method signature="RunnerBase.scenario(io.cucumber.testng.PickleWrapper, io.cucumber.testng.FeatureWrapper)[pri:0, instance:com.qa.runners.MyTestNGRunnerTest@37ceb1df]" name="scenario" class="com.qa.runners.RunnerBase"/>
      </group> <!-- cucumber -->
    </groups>
    <test started-at="2020-06-11T17:08:21 IST" name="Pixel 2" finished-at="2020-06-11T17:09:40 IST" duration-ms="79000">
      <class name="com.qa.runners.MyTestNGRunnerTest">
        <test-method is-config="true" signature="setUpClass(java.lang.String, java.lang.String, java.lang.String, java.lang.String)[pri:0, instance:com.qa.runners.MyTestNGRunnerTest@37ceb1df]" started-at="2020-06-11T17:08:21 IST" name="setUpClass" finished-at="2020-06-11T17:08:30 IST" duration-ms="9175" status="PASS">
          <params>
            <param index="0">
              <value>
                <![CDATA[Android]]>
              </value>
            </param>
            <param index="1">
              <value>
                <![CDATA[emulator-5554]]>
              </value>
            </param>
            <param index="2">
              <value>
                <![CDATA[Pixel 2]]>
              </value>
            </param>
            <param index="3">
              <value>
                <![CDATA[10000]]>
              </value>
            </param>
          </params>
          <reporter-output>
          </reporter-output>
        </test-method> <!-- setUpClass -->
        <test-method signature="scenario(io.cucumber.testng.PickleWrapper, io.cucumber.testng.FeatureWrapper)[pri:0, instance:com.qa.runners.MyTestNGRunnerTest@37ceb1df]" started-at="2020-06-11T17:08:30 IST" name="scenario" description="Runs Cucumber Scenarios" data-provider="scenarios" finished-at="2020-06-11T17:09:37 IST" duration-ms="66767" status="PASS">
          <params>
            <param index="0">
              <value>
                <![CDATA["Verify user is able to recover password by using forgot password"]]>
              </value>
            </param>
            <param index="1">
              <value>
                <![CDATA["Verify Forgot Password"]]>
              </value>
            </param>
          </params>
          <reporter-output>
          </reporter-output>
        </test-method> <!-- scenario -->
        <test-method is-config="true" signature="tearDownClass()[pri:0, instance:com.qa.runners.MyTestNGRunnerTest@37ceb1df]" started-at="2020-06-11T17:09:37 IST" name="tearDownClass" finished-at="2020-06-11T17:09:40 IST" duration-ms="3035" status="PASS">
          <reporter-output>
          </reporter-output>
        </test-method> <!-- tearDownClass -->
      </class> <!-- com.qa.runners.MyTestNGRunnerTest -->
    </test> <!-- Pixel 2 -->
  </suite> <!-- Suite -->
</testng-results>
