<?xml version="1.0" encoding="UTF-8"?>
<testsuite xmlns:xsi="http://www.w3.org/2001/XMLSchema-instance" xsi:noNamespaceSchemaLocation="https://maven.apache.org/surefire/maven-surefire-plugin/xsd/surefire-test-report.xsd" name="TestSuite" time="165.799" tests="2" errors="0" skipped="0" failures="2">
  <properties>
[...]
</properties>
  <testcase name="scenario" classname="com.qa.runners.MyTestNGRunnerTest" time="135.033">
    <failure message="Expected condition failed: waiting for visibility of Located by By.chained({By.id: com.earningvideo:id/toolbar_title}) (tried for 60 second(s) with 500 milliseconds interval)" type="org.openqa.selenium.TimeoutException">org.openqa.selenium.TimeoutException: Expected condition failed: waiting for visibility of Located by By.chained({By.id: com.earningvideo:id/toolbar_title}) (tried for 60 second(s) with 500 milliseconds interval)
Caused by: org.openqa.selenium.NoSuchElementException: Can't locate an element by this strategy: By.chained({By.id: com.earningvideo:id/toolbar_title})
Caused by: org.openqa.selenium.TimeoutException: Expected condition failed: waiting for io.appium.java_client.pagefactory.AppiumElementLocator$WaitingFunction@7eba9497 (tried for 1 second(s) with 500 milliseconds interval)
Caused by: org.openqa.selenium.NoSuchElementException: 
Cannot locate an element using By.chained({By.id: com.earningvideo:id/toolbar_title})
For documentation on this error, please visit: https://www.seleniumhq.org/exceptions/no_such_element.html
Build info: version: '3.141.59', revision: 'e82be7d358', time: '2018-11-14T08:17:03'
System info: host: 'INLaptop140.local', ip: 'fe80:0:0:0:1c2b:550d:90fa:162%en0', os.name: 'Mac OS X', os.arch: 'x86_64', os.version: '10.14.6', java.version: '11.0.1'
Driver info: driver.version: AndroidDriver
</failure>
    <system-out><![CDATA[[TestNGContentHandler] [WARN] It is strongly recommended to add "<!DOCTYPE suite SYSTEM "https://testng.org/testng-1.0.dtd" >" at the top of your file, otherwise TestNG may fail or not work as expected.
[INFO ] 2020-06-10 23:53:17.774 com.qa.utils.ServerManager:21 - STARTING APPIUM SEVER
&amp#27;[35m[Appium]&amp#27;[39m Welcome to Appium v1.17.0
&amp#27;[35m[Appium]&amp#27;[39m Non-default server args:
&amp#27;[35m[Appium]&amp#27;[39m   port: 12554
&amp#27;[35m[Appium]&amp#27;[39m   sessionOverride: true
&amp#27;[35m[Appium]&amp#27;[39m   logFile: /Users/sharadgupta/Documents/automation/AppiumCucumburFramework-testng/Android_Pixel 2/Server.log
&amp#27;[35m[Appium]&amp#27;[39m Appium REST http interface listener started on 0.0.0.0:12554
&amp#27;[35m[HTTP]&amp#27;[39m &amp#27;[37m-->&amp#27;[39m &amp#27;[37mGET&amp#27;[39m &amp#27;[37m/wd/hub/status&amp#27;[39m
&amp#27;[35m[HTTP]&amp#27;[39m &amp#27;[90m{}&amp#27;[39m
[debug] &amp#27;[35m[GENERIC]&amp#27;[39m Calling AppiumDriver.getStatus() with args: []
[debug] &amp#27;[35m[GENERIC]&amp#27;[39m Responding to client with driver.getStatus() result: {"build":{"version":"1.17.0"}}
&amp#27;[35m[HTTP]&amp#27;[39m &amp#27;[37m<-- GET /wd/hub/status &amp#27;[39m&amp#27;[32m200&amp#27;[39m &amp#27;[90m7 ms - 68&amp#27;[39m
&amp#27;[35m[HTTP]&amp#27;[39m &amp#27;[90m&amp#27;[39m
&amp#27;[35m[HTTP]&amp#27;[39m &amp#27;[37m-->&amp#27;[39m &amp#27;[37mGET&amp#27;[39m &amp#27;[37m/wd/hub/status&amp#27;[39m
&amp#27;[35m[HTTP]&amp#27;[39m &amp#27;[90m{}&amp#27;[39m
[debug] &amp#27;[35m[GENERIC]&amp#27;[39m Calling AppiumDriver.getStatus() with args: []
[debug] &amp#27;[35m[GENERIC]&amp#27;[39m Responding to client with driver.getStatus() result: {"build":{"version":"1.17.0"}}
[INFO ] 2020-06-10 23:53:19.498 com.qa.utils.ServerManager:31 - APPIUM SEVER STARTED
[INFO ] 2020-06-10 23:53:19.514 com.qa.utils.DriverManager:26 - initializing Appium driver
[INFO ] 2020-06-10 23:53:19.527 com.qa.utils.PropertyManager:18 - Loading config properties
[INFO ] 2020-06-10 23:53:19.528 com.qa.utils.CapabilitiesManager:16 - getting capabilities
[INFO ] 2020-06-10 23:53:19.530 com.qa.utils.CapabilitiesManager:32 - appUrl is/Users/sharadgupta/Documents/automation/AppiumCucumburFramework-testng/src/test/resources/app/btv.apk
[INFO ] 2020-06-10 23:53:27.868 com.qa.utils.DriverManager:40 - driver is initialize

@test
Scenario Outline: Verify Valid invalid Login               # src/test/resources/03_Login.feature:12
  When I am on login page                                  # com.qa.stepdef.LoginPageStepDef.i_am_on_login_page()
  And I enter email as "yashimittal09@gmail.com"           # com.qa.stepdef.LoginPageStepDef.iEnterEmailAs(java.lang.String)
  And I enter password as "Password1124!"                  # com.qa.stepdef.LoginPageStepDef.iEnterPasswordAs(java.lang.String)
[INFO ] 2020-06-10 23:54:39.096 com.qa.pages.BasePage:54 - Press login button
[INFO ] 2020-06-10 23:54:40.794 com.qa.pages.LoginPage:22 - Login Screen is enabled----->true
  And I tap on Sing in button                              # com.qa.stepdef.LoginPageStepDef.iITapOnSingInButton()
  Then I should view the dashboard title "Earnings Videos" # com.qa.stepdef.LoginPageStepDef.i_should_view_the_dashboard_title(java.lang.String)
      org.openqa.selenium.TimeoutException: Expected condition failed: waiting for visibility of Located by By.chained({By.id: com.earningvideo:id/toolbar_title}) (tried for 60 second(s) with 500 milliseconds interval)
	at org.openqa.selenium.support.ui.WebDriverWait.timeoutException(WebDriverWait.java:95)
	at org.openqa.selenium.support.ui.FluentWait.until(FluentWait.java:272)
	at com.qa.pages.BasePage.waitForVisibility(BasePage.java:34)
	at com.qa.pages.BasePage.getAttribute(BasePage.java:76)
	at com.qa.pages.BasePage.getText(BasePage.java:89)
	at com.qa.pages.DashboardPage.getHeadingText(DashboardPage.java:48)
	at com.qa.stepdef.LoginPageStepDef.i_should_view_the_dashboard_title(LoginPageStepDef.java:37)
	at ✽.I should view the dashboard title "Earnings Videos"(file:///Users/sharadgupta/Documents/automation/AppiumCucumburFramework-testng/src/test/resources/03_Login.feature:9)
Caused by: org.openqa.selenium.NoSuchElementException: Can't locate an element by this strategy: By.chained({By.id: com.earningvideo:id/toolbar_title})
	at io.appium.java_client.pagefactory.AppiumElementLocator.findElement(AppiumElementLocator.java:126)
	at io.appium.java_client.pagefactory.interceptors.InterceptorOfASingleElement.intercept(InterceptorOfASingleElement.java:59)
	at io.appium.java_client.android.AndroidElement$$EnhancerByCGLIB$$b598166c.isDisplayed(<generated>)
	at org.openqa.selenium.support.ui.ExpectedConditions.elementIfVisible(ExpectedConditions.java:314)
	at org.openqa.selenium.support.ui.ExpectedConditions.access$000(ExpectedConditions.java:43)
	at org.openqa.selenium.support.ui.ExpectedConditions$10.apply(ExpectedConditions.java:300)
	at org.openqa.selenium.support.ui.ExpectedConditions$10.apply(ExpectedConditions.java:297)
	at org.openqa.selenium.support.ui.FluentWait.until(FluentWait.java:249)
	at com.qa.pages.BasePage.waitForVisibility(BasePage.java:34)
	at com.qa.pages.BasePage.getAttribute(BasePage.java:76)
	at com.qa.pages.BasePage.getText(BasePage.java:89)
	at com.qa.pages.DashboardPage.getHeadingText(DashboardPage.java:48)
	at com.qa.stepdef.LoginPageStepDef.i_should_view_the_dashboard_title(LoginPageStepDef.java:37)
	at java.base/jdk.internal.reflect.NativeMethodAccessorImpl.invoke0(Native Method)
	at java.base/jdk.internal.reflect.NativeMethodAccessorImpl.invoke(NativeMethodAccessorImpl.java:62)
	at java.base/jdk.internal.reflect.DelegatingMethodAccessorImpl.invoke(DelegatingMethodAccessorImpl.java:43)
	at java.base/java.lang.reflect.Method.invoke(Method.java:566)
	at io.cucumber.java.Invoker.invoke(Invoker.java:27)
	at io.cucumber.java.JavaStepDefinition.execute(JavaStepDefinition.java:27)
	at io.cucumber.core.runner.PickleStepDefinitionMatch.runStep(PickleStepDefinitionMatch.java:63)
	at io.cucumber.core.runner.TestStep.executeStep(TestStep.java:64)
	at io.cucumber.core.runner.TestStep.run(TestStep.java:49)
	at io.cucumber.core.runner.PickleStepTestStep.run(PickleStepTestStep.java:46)
	at io.cucumber.core.runner.TestCase.run(TestCase.java:51)
	at io.cucumber.core.runner.Runner.runPickle(Runner.java:67)
	at io.cucumber.testng.TestNGCucumberRunner.runScenario(TestNGCucumberRunner.java:124)
	at com.qa.runners.RunnerBase.scenario(RunnerBase.java:47)
	at java.base/jdk.internal.reflect.NativeMethodAccessorImpl.invoke0(Native Method)
	at java.base/jdk.internal.reflect.NativeMethodAccessorImpl.invoke(NativeMethodAccessorImpl.java:62)
	at java.base/jdk.internal.reflect.DelegatingMethodAccessorImpl.invoke(DelegatingMethodAccessorImpl.java:43)
	at java.base/java.lang.reflect.Method.invoke(Method.java:566)
	at org.testng.internal.MethodInvocationHelper.invokeMethod(MethodInvocationHelper.java:134)
	at org.testng.internal.TestInvoker.invokeMethod(TestInvoker.java:597)
	at org.testng.internal.TestInvoker.invokeTestMethod(TestInvoker.java:173)
	at org.testng.internal.MethodRunner.runInSequence(MethodRunner.java:46)
	at org.testng.internal.TestInvoker$MethodInvocationAgent.invoke(TestInvoker.java:816)
	at org.testng.internal.TestInvoker.invokeTestMethods(TestInvoker.java:146)
	at org.testng.internal.TestMethodWorker.invokeTestMethods(TestMethodWorker.java:146)
	at org.testng.internal.TestMethodWorker.run(TestMethodWorker.java:128)
	at java.base/java.util.ArrayList.forEach(ArrayList.java:1540)
	at org.testng.TestRunner.privateRun(TestRunner.java:766)
	at org.testng.TestRunner.run(TestRunner.java:587)
	at org.testng.SuiteRunner.runTest(SuiteRunner.java:384)
	at org.testng.SuiteRunner.access$000(SuiteRunner.java:28)
	at org.testng.SuiteRunner$SuiteWorker.run(SuiteRunner.java:425)
	at org.testng.internal.thread.ThreadUtil.lambda$execute$0(ThreadUtil.java:68)
	at java.base/java.util.concurrent.FutureTask.run(FutureTask.java:264)
	at java.base/java.util.concurrent.ThreadPoolExecutor.runWorker(ThreadPoolExecutor.java:1128)
	at java.base/java.util.concurrent.ThreadPoolExecutor$Worker.run(ThreadPoolExecutor.java:628)
	at java.base/java.lang.Thread.run(Thread.java:834)
Caused by: org.openqa.selenium.TimeoutException: Expected condition failed: waiting for io.appium.java_client.pagefactory.AppiumElementLocator$WaitingFunction@7eba9497 (tried for 1 second(s) with 500 milliseconds interval)
	at org.openqa.selenium.support.ui.FluentWait.timeoutException(FluentWait.java:304)
	at org.openqa.selenium.support.ui.FluentWait.until(FluentWait.java:272)
	at io.appium.java_client.pagefactory.AppiumElementLocator.waitFor(AppiumElementLocator.java:99)
	at io.appium.java_client.pagefactory.AppiumElementLocator.findElement(AppiumElementLocator.java:119)
	... 49 more
Caused by: org.openqa.selenium.NoSuchElementException: Cannot locate an element using By.chained({By.id: com.earningvideo:id/toolbar_title})
For documentation on this error, please visit: https://www.seleniumhq.org/exceptions/no_such_element.html
Build info: version: '3.141.59', revision: 'e82be7d358', time: '2018-11-14T08:17:03'
System info: host: 'INLaptop140.local', ip: 'fe80:0:0:0:1c2b:550d:90fa:162%en0', os.name: 'Mac OS X', os.arch: 'x86_64', os.version: '10.14.6', java.version: '11.0.1'
Driver info: driver.version: AndroidDriver
	at io.appium.java_client.pagefactory.bys.builder.ByChained.findElement(ByChained.java:74)
	at org.openqa.selenium.remote.RemoteWebDriver.findElement(RemoteWebDriver.java:315)
	at io.appium.java_client.DefaultGenericMobileDriver.findElement(DefaultGenericMobileDriver.java:57)
	at io.appium.java_client.AppiumDriver.findElement(AppiumDriver.java:1)
	at io.appium.java_client.android.AndroidDriver.findElement(AndroidDriver.java:1)
	at io.appium.java_client.pagefactory.bys.ContentMappedBy.findElement(ContentMappedBy.java:50)
	at org.openqa.selenium.remote.RemoteWebDriver.findElement(RemoteWebDriver.java:315)
	at io.appium.java_client.DefaultGenericMobileDriver.findElement(DefaultGenericMobileDriver.java:57)
	at io.appium.java_client.AppiumDriver.findElement(AppiumDriver.java:1)
	at io.appium.java_client.android.AndroidDriver.findElement(AndroidDriver.java:1)
	at io.appium.java_client.pagefactory.AppiumElementLocator.lambda$0(AppiumElementLocator.java:120)
	at io.appium.java_client.pagefactory.AppiumElementLocator$WaitingFunction.apply(AppiumElementLocator.java:172)
	at io.appium.java_client.pagefactory.AppiumElementLocator$WaitingFunction.apply(AppiumElementLocator.java:1)
	at org.openqa.selenium.support.ui.FluentWait.until(FluentWait.java:249)
	... 51 more


    Embedding Verify Valid invalid Login [image/png 78865 bytes]

[INFO ] 2020-06-10 23:55:43.069 com.qa.utils.VideoManager:35 - video path: Android_Pixel 2/Videos/Verify Valid invalid Login.mp4
]]></system-out>
    <system-err><![CDATA[SLF4J: Failed to load class "org.slf4j.impl.StaticLoggerBinder".
SLF4J: Defaulting to no-operation (NOP) logger implementation
SLF4J: See http://www.slf4j.org/codes.html#StaticLoggerBinder for further details.
Jun 10, 2020 11:53:27 PM io.appium.java_client.remote.AppiumCommandExecutor$1 lambda$0
INFO: Detected dialect: W3C
]]></system-err>
  </testcase>
  <testcase name="scenario" classname="com.qa.runners.MyTestNGRunnerTest" time="15.809">
    <failure message="org.openqa.selenium.WebDriverException: An unknown server-side error occurred while processing the command. Original error: Could not proxy command to remote server. Original error: Error: read ECONNRESET&#10;Build info: version: &apos;3.141.59&apos;, revision: &apos;e82be7d358&apos;, time: &apos;2018-11-14T08:17:03&apos;&#10;System info: host: &apos;INLaptop140.local&apos;, ip: &apos;fe80:0:0:0:1c2b:550d:90fa:162%en0&apos;, os.name: &apos;Mac OS X&apos;, os.arch: &apos;x86_64&apos;, os.version: &apos;10.14.6&apos;, java.version: &apos;11.0.1&apos;&#10;Driver info: io.appium.java_client.android.AndroidDriver&#10;Capabilities {app: /Users/sharadgupta/Document..., appActivity: .modules.splash.SplashActivity, appPackage: com.earningvideo, autoGrantPermissions: true, automationName: UiAutomator2, databaseEnabled: false, desired: {app: /Users/sharadgupta/Document..., appActivity: .modules.splash.SplashActivity, appPackage: com.earningvideo, autoGrantPermissions: true, automationName: UiAutomator2, deviceName: Pixel 2, platformName: android, resetKeyboard: true, systemPort: 10000, udid: emulator-5554, unicodeKeyboard: true}, deviceApiLevel: 29, deviceManufacturer: Google, deviceModel: Android SDK built for x86, deviceName: emulator-5554, deviceScreenDensity: 420, deviceScreenSize: 1080x1920, deviceUDID: emulator-5554, javascriptEnabled: true, locationContextEnabled: false, networkConnectionEnabled: true, pixelRatio: 2.625, platform: LINUX, platformName: Android, platformVersion: 10, resetKeyboard: true, statBarHeight: 63, systemPort: 10000, takesScreenshot: true, udid: emulator-5554, unicodeKeyboard: true, viewportRect: {height: 1731, left: 0, top: 63, width: 1080}, warnings: {}, webStorageEnabled: false}&#10;Session ID: 350da408-7366-415a-b234-e6b6df842341&#10;*** Element info: {Using=id, value=com.earningvideo:id/record_button}" type="org.openqa.selenium.WebDriverException">org.openqa.selenium.WebDriverException: 
org.openqa.selenium.WebDriverException: An unknown server-side error occurred while processing the command. Original error: Could not proxy command to remote server. Original error: Error: read ECONNRESET
Build info: version: '3.141.59', revision: 'e82be7d358', time: '2018-11-14T08:17:03'
System info: host: 'INLaptop140.local', ip: 'fe80:0:0:0:1c2b:550d:90fa:162%en0', os.name: 'Mac OS X', os.arch: 'x86_64', os.version: '10.14.6', java.version: '11.0.1'
Driver info: io.appium.java_client.android.AndroidDriver
Capabilities {app: /Users/sharadgupta/Document..., appActivity: .modules.splash.SplashActivity, appPackage: com.earningvideo, autoGrantPermissions: true, automationName: UiAutomator2, databaseEnabled: false, desired: {app: /Users/sharadgupta/Document..., appActivity: .modules.splash.SplashActivity, appPackage: com.earningvideo, autoGrantPermissions: true, automationName: UiAutomator2, deviceName: Pixel 2, platformName: android, resetKeyboard: true, systemPort: 10000, udid: emulator-5554, unicodeKeyboard: true}, deviceApiLevel: 29, deviceManufacturer: Google, deviceModel: Android SDK built for x86, deviceName: emulator-5554, deviceScreenDensity: 420, deviceScreenSize: 1080x1920, deviceUDID: emulator-5554, javascriptEnabled: true, locationContextEnabled: false, networkConnectionEnabled: true, pixelRatio: 2.625, platform: LINUX, platformName: Android, platformVersion: 10, resetKeyboard: true, statBarHeight: 63, systemPort: 10000, takesScreenshot: true, udid: emulator-5554, unicodeKeyboard: true, viewportRect: {height: 1731, left: 0, top: 63, width: 1080}, warnings: {}, webStorageEnabled: false}
Session ID: 350da408-7366-415a-b234-e6b6df842341
*** Element info: {Using=id, value=com.earningvideo:id/record_button}
Caused by: org.openqa.selenium.WebDriverException: 
An unknown server-side error occurred while processing the command. Original error: Could not proxy command to remote server. Original error: Error: read ECONNRESET
Build info: version: '3.141.59', revision: 'e82be7d358', time: '2018-11-14T08:17:03'
System info: host: 'INLaptop140.local', ip: 'fe80:0:0:0:1c2b:550d:90fa:162%en0', os.name: 'Mac OS X', os.arch: 'x86_64', os.version: '10.14.6', java.version: '11.0.1'
Driver info: io.appium.java_client.android.AndroidDriver
Capabilities {app: /Users/sharadgupta/Document..., appActivity: .modules.splash.SplashActivity, appPackage: com.earningvideo, autoGrantPermissions: true, automationName: UiAutomator2, databaseEnabled: false, desired: {app: /Users/sharadgupta/Document..., appActivity: .modules.splash.SplashActivity, appPackage: com.earningvideo, autoGrantPermissions: true, automationName: UiAutomator2, deviceName: Pixel 2, platformName: android, resetKeyboard: true, systemPort: 10000, udid: emulator-5554, unicodeKeyboard: true}, deviceApiLevel: 29, deviceManufacturer: Google, deviceModel: Android SDK built for x86, deviceName: emulator-5554, deviceScreenDensity: 420, deviceScreenSize: 1080x1920, deviceUDID: emulator-5554, javascriptEnabled: true, locationContextEnabled: false, networkConnectionEnabled: true, pixelRatio: 2.625, platform: LINUX, platformName: Android, platformVersion: 10, resetKeyboard: true, statBarHeight: 63, systemPort: 10000, takesScreenshot: true, udid: emulator-5554, unicodeKeyboard: true, viewportRect: {height: 1731, left: 0, top: 63, width: 1080}, warnings: {}, webStorageEnabled: false}
Session ID: 350da408-7366-415a-b234-e6b6df842341
*** Element info: {Using=id, value=com.earningvideo:id/record_button}
</failure>
    <system-out><![CDATA[
@test
Scenario Outline: Verify Valid Login                       # src/test/resources/03_Login.feature:22
  When I am on login page                                  # com.qa.stepdef.LoginPageStepDef.i_am_on_login_page()
      org.openqa.selenium.WebDriverException: org.openqa.selenium.WebDriverException: An unknown server-side error occurred while processing the command. Original error: Could not proxy command to remote server. Original error: Error: read ECONNRESET
Build info: version: '3.141.59', revision: 'e82be7d358', time: '2018-11-14T08:17:03'
System info: host: 'INLaptop140.local', ip: 'fe80:0:0:0:1c2b:550d:90fa:162%en0', os.name: 'Mac OS X', os.arch: 'x86_64', os.version: '10.14.6', java.version: '11.0.1'
Driver info: io.appium.java_client.android.AndroidDriver
Capabilities {app: /Users/sharadgupta/Document..., appActivity: .modules.splash.SplashActivity, appPackage: com.earningvideo, autoGrantPermissions: true, automationName: UiAutomator2, databaseEnabled: false, desired: {app: /Users/sharadgupta/Document..., appActivity: .modules.splash.SplashActivity, appPackage: com.earningvideo, autoGrantPermissions: true, automationName: UiAutomator2, deviceName: Pixel 2, platformName: android, resetKeyboard: true, systemPort: 10000, udid: emulator-5554, unicodeKeyboard: true}, deviceApiLevel: 29, deviceManufacturer: Google, deviceModel: Android SDK built for x86, deviceName: emulator-5554, deviceScreenDensity: 420, deviceScreenSize: 1080x1920, deviceUDID: emulator-5554, javascriptEnabled: true, locationContextEnabled: false, networkConnectionEnabled: true, pixelRatio: 2.625, platform: LINUX, platformName: Android, platformVersion: 10, resetKeyboard: true, statBarHeight: 63, systemPort: 10000, takesScreenshot: true, udid: emulator-5554, unicodeKeyboard: true, viewportRect: {height: 1731, left: 0, top: 63, width: 1080}, warnings: {}, webStorageEnabled: false}
Session ID: 350da408-7366-415a-b234-e6b6df842341
*** Element info: {Using=id, value=com.earningvideo:id/record_button}
	at io.appium.java_client.pagefactory.AppiumElementLocator$WaitingFunction.apply(AppiumElementLocator.java:192)
	at io.appium.java_client.pagefactory.AppiumElementLocator$WaitingFunction.apply(AppiumElementLocator.java:1)
	at org.openqa.selenium.support.ui.FluentWait.until(FluentWait.java:249)
	at io.appium.java_client.pagefactory.AppiumElementLocator.waitFor(AppiumElementLocator.java:99)
	at io.appium.java_client.pagefactory.AppiumElementLocator.findElement(AppiumElementLocator.java:119)
	at io.appium.java_client.pagefactory.interceptors.InterceptorOfASingleElement.intercept(InterceptorOfASingleElement.java:59)
	at io.appium.java_client.android.AndroidElement$$EnhancerByCGLIB$$b598166c.isDisplayed(<generated>)
	at org.openqa.selenium.support.ui.ExpectedConditions.elementIfVisible(ExpectedConditions.java:314)
	at org.openqa.selenium.support.ui.ExpectedConditions.access$000(ExpectedConditions.java:43)
	at org.openqa.selenium.support.ui.ExpectedConditions$10.apply(ExpectedConditions.java:300)
	at org.openqa.selenium.support.ui.ExpectedConditions$10.apply(ExpectedConditions.java:297)
	at org.openqa.selenium.support.ui.FluentWait.until(FluentWait.java:249)
	at com.qa.pages.BasePage.waitForVisibility(BasePage.java:34)
	at com.qa.pages.BasePage.click(BasePage.java:48)
	at com.qa.pages.MarketingPages.recordingButton(MarketingPages.java:32)
	at com.qa.pages.MarketingPages.marketingScreens(MarketingPages.java:59)
	at com.qa.stepdef.LoginPageStepDef.i_am_on_login_page(LoginPageStepDef.java:14)
	at ✽.I am on login page(file:///Users/sharadgupta/Documents/automation/AppiumCucumburFramework-testng/src/test/resources/03_Login.feature:15)
Caused by: org.openqa.selenium.WebDriverException: An unknown server-side error occurred while processing the command. Original error: Could not proxy command to remote server. Original error: Error: read ECONNRESET
Build info: version: '3.141.59', revision: 'e82be7d358', time: '2018-11-14T08:17:03'
System info: host: 'INLaptop140.local', ip: 'fe80:0:0:0:1c2b:550d:90fa:162%en0', os.name: 'Mac OS X', os.arch: 'x86_64', os.version: '10.14.6', java.version: '11.0.1'
Driver info: io.appium.java_client.android.AndroidDriver
Capabilities {app: /Users/sharadgupta/Document..., appActivity: .modules.splash.SplashActivity, appPackage: com.earningvideo, autoGrantPermissions: true, automationName: UiAutomator2, databaseEnabled: false, desired: {app: /Users/sharadgupta/Document..., appActivity: .modules.splash.SplashActivity, appPackage: com.earningvideo, autoGrantPermissions: true, automationName: UiAutomator2, deviceName: Pixel 2, platformName: android, resetKeyboard: true, systemPort: 10000, udid: emulator-5554, unicodeKeyboard: true}, deviceApiLevel: 29, deviceManufacturer: Google, deviceModel: Android SDK built for x86, deviceName: emulator-5554, deviceScreenDensity: 420, deviceScreenSize: 1080x1920, deviceUDID: emulator-5554, javascriptEnabled: true, locationContextEnabled: false, networkConnectionEnabled: true, pixelRatio: 2.625, platform: LINUX, platformName: Android, platformVersion: 10, resetKeyboard: true, statBarHeight: 63, systemPort: 10000, takesScreenshot: true, udid: emulator-5554, unicodeKeyboard: true, viewportRect: {height: 1731, left: 0, top: 63, width: 1080}, warnings: {}, webStorageEnabled: false}
Session ID: 350da408-7366-415a-b234-e6b6df842341
*** Element info: {Using=id, value=com.earningvideo:id/record_button}
	at java.base/jdk.internal.reflect.NativeConstructorAccessorImpl.newInstance0(Native Method)
	at java.base/jdk.internal.reflect.NativeConstructorAccessorImpl.newInstance(NativeConstructorAccessorImpl.java:62)
	at java.base/jdk.internal.reflect.DelegatingConstructorAccessorImpl.newInstance(DelegatingConstructorAccessorImpl.java:45)
	at java.base/java.lang.reflect.Constructor.newInstance(Constructor.java:490)
	at org.openqa.selenium.remote.http.W3CHttpResponseCodec.createException(W3CHttpResponseCodec.java:187)
	at org.openqa.selenium.remote.http.W3CHttpResponseCodec.decode(W3CHttpResponseCodec.java:122)
	at org.openqa.selenium.remote.http.W3CHttpResponseCodec.decode(W3CHttpResponseCodec.java:49)
	at org.openqa.selenium.remote.HttpCommandExecutor.execute(HttpCommandExecutor.java:158)
	at io.appium.java_client.remote.AppiumCommandExecutor.execute(AppiumCommandExecutor.java:239)
	at org.openqa.selenium.remote.RemoteWebDriver.execute(RemoteWebDriver.java:552)
	at io.appium.java_client.DefaultGenericMobileDriver.execute(DefaultGenericMobileDriver.java:41)
	at io.appium.java_client.AppiumDriver.execute(AppiumDriver.java:1)
	at io.appium.java_client.android.AndroidDriver.execute(AndroidDriver.java:1)
	at org.openqa.selenium.remote.RemoteWebDriver.findElement(RemoteWebDriver.java:323)
	at io.appium.java_client.DefaultGenericMobileDriver.findElement(DefaultGenericMobileDriver.java:61)
	at io.appium.java_client.AppiumDriver.findElement(AppiumDriver.java:1)
	at io.appium.java_client.android.AndroidDriver.findElement(AndroidDriver.java:1)
	at org.openqa.selenium.remote.RemoteWebDriver.findElementById(RemoteWebDriver.java:372)
	at io.appium.java_client.DefaultGenericMobileDriver.findElementById(DefaultGenericMobileDriver.java:69)
	at io.appium.java_client.AppiumDriver.findElementById(AppiumDriver.java:1)
	at io.appium.java_client.android.AndroidDriver.findElementById(AndroidDriver.java:1)
	at org.openqa.selenium.By$ById.findElement(By.java:188)
	at org.openqa.selenium.remote.RemoteWebDriver.findElement(RemoteWebDriver.java:315)
	at io.appium.java_client.DefaultGenericMobileDriver.findElement(DefaultGenericMobileDriver.java:57)
	at io.appium.java_client.AppiumDriver.findElement(AppiumDriver.java:1)
	at io.appium.java_client.android.AndroidDriver.findElement(AndroidDriver.java:1)
	at io.appium.java_client.pagefactory.bys.builder.ByChained.lambda$0(ByChained.java:38)
	at org.openqa.selenium.support.ui.FluentWait.until(FluentWait.java:249)
	at io.appium.java_client.pagefactory.bys.builder.ByChained.findElement(ByChained.java:72)
	at org.openqa.selenium.remote.RemoteWebDriver.findElement(RemoteWebDriver.java:315)
	at io.appium.java_client.DefaultGenericMobileDriver.findElement(DefaultGenericMobileDriver.java:57)
	at io.appium.java_client.AppiumDriver.findElement(AppiumDriver.java:1)
	at io.appium.java_client.android.AndroidDriver.findElement(AndroidDriver.java:1)
	at io.appium.java_client.pagefactory.bys.ContentMappedBy.findElement(ContentMappedBy.java:50)
	at org.openqa.selenium.remote.RemoteWebDriver.findElement(RemoteWebDriver.java:315)
	at io.appium.java_client.DefaultGenericMobileDriver.findElement(DefaultGenericMobileDriver.java:57)
	at io.appium.java_client.AppiumDriver.findElement(AppiumDriver.java:1)
	at io.appium.java_client.android.AndroidDriver.findElement(AndroidDriver.java:1)
	at io.appium.java_client.pagefactory.AppiumElementLocator.lambda$0(AppiumElementLocator.java:120)
	at io.appium.java_client.pagefactory.AppiumElementLocator$WaitingFunction.apply(AppiumElementLocator.java:172)
	at io.appium.java_client.pagefactory.AppiumElementLocator$WaitingFunction.apply(AppiumElementLocator.java:1)
	at org.openqa.selenium.support.ui.FluentWait.until(FluentWait.java:249)
	at io.appium.java_client.pagefactory.AppiumElementLocator.waitFor(AppiumElementLocator.java:99)
	at io.appium.java_client.pagefactory.AppiumElementLocator.findElement(AppiumElementLocator.java:119)
	at io.appium.java_client.pagefactory.interceptors.InterceptorOfASingleElement.intercept(InterceptorOfASingleElement.java:59)
	at io.appium.java_client.android.AndroidElement$$EnhancerByCGLIB$$b598166c.isDisplayed(<generated>)
	at org.openqa.selenium.support.ui.ExpectedConditions.elementIfVisible(ExpectedConditions.java:314)
	at org.openqa.selenium.support.ui.ExpectedConditions.access$000(ExpectedConditions.java:43)
	at org.openqa.selenium.support.ui.ExpectedConditions$10.apply(ExpectedConditions.java:300)
	at org.openqa.selenium.support.ui.ExpectedConditions$10.apply(ExpectedConditions.java:297)
	at org.openqa.selenium.support.ui.FluentWait.until(FluentWait.java:249)
	at com.qa.pages.BasePage.waitForVisibility(BasePage.java:34)
	at com.qa.pages.BasePage.click(BasePage.java:48)
	at com.qa.pages.MarketingPages.recordingButton(MarketingPages.java:32)
	at com.qa.pages.MarketingPages.marketingScreens(MarketingPages.java:59)
	at com.qa.stepdef.LoginPageStepDef.i_am_on_login_page(LoginPageStepDef.java:14)
	at java.base/jdk.internal.reflect.NativeMethodAccessorImpl.invoke0(Native Method)
	at java.base/jdk.internal.reflect.NativeMethodAccessorImpl.invoke(NativeMethodAccessorImpl.java:62)
	at java.base/jdk.internal.reflect.DelegatingMethodAccessorImpl.invoke(DelegatingMethodAccessorImpl.java:43)
	at java.base/java.lang.reflect.Method.invoke(Method.java:566)
	at io.cucumber.java.Invoker.invoke(Invoker.java:27)
	at io.cucumber.java.JavaStepDefinition.execute(JavaStepDefinition.java:27)
	at io.cucumber.core.runner.PickleStepDefinitionMatch.runStep(PickleStepDefinitionMatch.java:63)
	at io.cucumber.core.runner.TestStep.executeStep(TestStep.java:64)
	at io.cucumber.core.runner.TestStep.run(TestStep.java:49)
	at io.cucumber.core.runner.PickleStepTestStep.run(PickleStepTestStep.java:46)
	at io.cucumber.core.runner.TestCase.run(TestCase.java:51)
	at io.cucumber.core.runner.Runner.runPickle(Runner.java:67)
	at io.cucumber.testng.TestNGCucumberRunner.runScenario(TestNGCucumberRunner.java:124)
	at com.qa.runners.RunnerBase.scenario(RunnerBase.java:47)
	at java.base/jdk.internal.reflect.NativeMethodAccessorImpl.invoke0(Native Method)
	at java.base/jdk.internal.reflect.NativeMethodAccessorImpl.invoke(NativeMethodAccessorImpl.java:62)
	at java.base/jdk.internal.reflect.DelegatingMethodAccessorImpl.invoke(DelegatingMethodAccessorImpl.java:43)
	at java.base/java.lang.reflect.Method.invoke(Method.java:566)
	at org.testng.internal.MethodInvocationHelper.invokeMethod(MethodInvocationHelper.java:134)
	at org.testng.internal.TestInvoker.invokeMethod(TestInvoker.java:597)
	at org.testng.internal.TestInvoker.invokeTestMethod(TestInvoker.java:173)
	at org.testng.internal.MethodRunner.runInSequence(MethodRunner.java:46)
	at org.testng.internal.TestInvoker$MethodInvocationAgent.invoke(TestInvoker.java:816)
	at org.testng.internal.TestInvoker.invokeTestMethods(TestInvoker.java:146)
	at org.testng.internal.TestMethodWorker.invokeTestMethods(TestMethodWorker.java:146)
	at org.testng.internal.TestMethodWorker.run(TestMethodWorker.java:128)
	at java.base/java.util.ArrayList.forEach(ArrayList.java:1540)
	at org.testng.TestRunner.privateRun(TestRunner.java:766)
	at org.testng.TestRunner.run(TestRunner.java:587)
	at org.testng.SuiteRunner.runTest(SuiteRunner.java:384)
	at org.testng.SuiteRunner.access$000(SuiteRunner.java:28)
	at org.testng.SuiteRunner$SuiteWorker.run(SuiteRunner.java:425)
	at org.testng.internal.thread.ThreadUtil.lambda$execute$0(ThreadUtil.java:68)
	at java.base/java.util.concurrent.FutureTask.run(FutureTask.java:264)
	at java.base/java.util.concurrent.ThreadPoolExecutor.runWorker(ThreadPoolExecutor.java:1128)
	at java.base/java.util.concurrent.ThreadPoolExecutor$Worker.run(ThreadPoolExecutor.java:628)
	at java.base/java.lang.Thread.run(Thread.java:834)

  And I enter email as "yashimittal09+1@gmail.com"         # com.qa.stepdef.LoginPageStepDef.iEnterEmailAs(java.lang.String)
  And I enter password as "Password1124!"                  # com.qa.stepdef.LoginPageStepDef.iEnterPasswordAs(java.lang.String)
  And I tap on Sing in button                              # com.qa.stepdef.LoginPageStepDef.iITapOnSingInButton()
  Then I should view the dashboard title "Earnings Videos" # com.qa.stepdef.LoginPageStepDef.i_should_view_the_dashboard_title(java.lang.String)
      org.openqa.selenium.WebDriverException: An unknown server-side error occurred while processing the command. Original error: Could not proxy command to remote server. Original error: Error: connect ECONNREFUSED 127.0.0.1:10000
Build info: version: '3.141.59', revision: 'e82be7d358', time: '2018-11-14T08:17:03'
System info: host: 'INLaptop140.local', ip: 'fe80:0:0:0:1c2b:550d:90fa:162%en0', os.name: 'Mac OS X', os.arch: 'x86_64', os.version: '10.14.6', java.version: '11.0.1'
Driver info: io.appium.java_client.android.AndroidDriver
Capabilities {app: /Users/sharadgupta/Document..., appActivity: .modules.splash.SplashActivity, appPackage: com.earningvideo, autoGrantPermissions: true, automationName: UiAutomator2, databaseEnabled: false, desired: {app: /Users/sharadgupta/Document..., appActivity: .modules.splash.SplashActivity, appPackage: com.earningvideo, autoGrantPermissions: true, automationName: UiAutomator2, deviceName: Pixel 2, platformName: android, resetKeyboard: true, systemPort: 10000, udid: emulator-5554, unicodeKeyboard: true}, deviceApiLevel: 29, deviceManufacturer: Google, deviceModel: Android SDK built for x86, deviceName: emulator-5554, deviceScreenDensity: 420, deviceScreenSize: 1080x1920, deviceUDID: emulator-5554, javascriptEnabled: true, locationContextEnabled: false, networkConnectionEnabled: true, pixelRatio: 2.625, platform: LINUX, platformName: Android, platformVersion: 10, resetKeyboard: true, statBarHeight: 63, systemPort: 10000, takesScreenshot: true, udid: emulator-5554, unicodeKeyboard: true, viewportRect: {height: 1731, left: 0, top: 63, width: 1080}, warnings: {}, webStorageEnabled: false}
Session ID: 350da408-7366-415a-b234-e6b6df842341
	at java.base/jdk.internal.reflect.NativeConstructorAccessorImpl.newInstance0(Native Method)
	at java.base/jdk.internal.reflect.NativeConstructorAccessorImpl.newInstance(NativeConstructorAccessorImpl.java:62)
	at java.base/jdk.internal.reflect.DelegatingConstructorAccessorImpl.newInstance(DelegatingConstructorAccessorImpl.java:45)
	at java.base/java.lang.reflect.Constructor.newInstance(Constructor.java:490)
	at org.openqa.selenium.remote.http.W3CHttpResponseCodec.createException(W3CHttpResponseCodec.java:187)
	at org.openqa.selenium.remote.http.W3CHttpResponseCodec.decode(W3CHttpResponseCodec.java:122)
	at org.openqa.selenium.remote.http.W3CHttpResponseCodec.decode(W3CHttpResponseCodec.java:49)
	at org.openqa.selenium.remote.HttpCommandExecutor.execute(HttpCommandExecutor.java:158)
	at io.appium.java_client.remote.AppiumCommandExecutor.execute(AppiumCommandExecutor.java:239)
	at org.openqa.selenium.remote.RemoteWebDriver.execute(RemoteWebDriver.java:552)
	at io.appium.java_client.DefaultGenericMobileDriver.execute(DefaultGenericMobileDriver.java:45)
	at io.appium.java_client.AppiumDriver.execute(AppiumDriver.java:1)
	at io.appium.java_client.android.AndroidDriver.execute(AndroidDriver.java:1)
	at org.openqa.selenium.remote.RemoteWebDriver.getScreenshotAs(RemoteWebDriver.java:295)
	at com.qa.stepdef.Hooks.quit(Hooks.java:23)

]]></system-out>
  </testcase>
</testsuite>