<?xml version="1.0" encoding="UTF-8"?>
<!-- Generated by org.testng.reporters.JUnitReportReporter -->
<testsuite hostname="INLaptop140.local" failures="1" tests="1" name="com.qa.runners.MyTestNGRunnerTest" time="6.334" errors="0" timestamp="2020-06-08T00:41:23 IST" skipped="0">
  <testcase classname="com.qa.runners.MyTestNGRunnerTest" name="scenario" time="6.334">
    <failure message="expected:&lt;PRO TI[P]&gt; but was:&lt;PRO TI[]&gt;" type="org.junit.ComparisonFailure">
      <![CDATA[org.junit.ComparisonFailure: expected:<PRO TI[P]> but was:<PRO TI[]>
at org.junit.Assert.assertEquals(Assert.java:115)
at org.junit.Assert.assertEquals(Assert.java:144)
at com.qa.stepdef.ProTipPageStepDef.iShouldSeeProTipPageWithRotaotetext(ProTipPageStepDef.java:36)
at ✽.I should see Pro Tip page with rotaotetext "PRO TI"(file:///Users/sharadgupta/Documents/automation/AppiumCucumburFramework-testng/src/test/resources/ProTips.feature:9)
]]>
    </failure>
  </testcase> <!-- scenario -->
  <system-out/>
</testsuite> <!-- com.qa.runners.MyTestNGRunnerTest -->
